2026/06/29 17:00:09 INFO  : svmiller.github.io/.git/COMMIT_EDITMSG: Copied (replaced existing)
2026/06/29 17:00:09 INFO  : svmiller.github.io/.git/index: Copied (replaced existing)
2026/06/29 17:00:18 INFO  : svmiller.github.io/_posts/2026-06-28-alliances-weighting-foreign-policy-similarity.md: Copied (replaced existing)
2026/06/29 17:00:21 INFO  : svmiller.github.io/_rmd/2026-06-28-alliances-weighting-foreign-policy-similarity.Rmd: Copied (replaced existing)
2026/06/29 17:00:22 INFO  : svmiller.github.io/.git/refs/heads/master: Copied (replaced existing)
2026/06/29 17:00:25 INFO  : svmiller.github.io/_site/404.html: Updated modification time in destination
2026/06/29 17:00:25 INFO  : svmiller.github.io/_site/index.html: Updated modification time in destination
2026/06/29 17:00:26 INFO  : svmiller.github.io/_site/feed.xml: Copied (replaced existing)
2026/06/29 17:00:26 INFO  : svmiller.github.io/.git/refs/remotes/origin/master: Copied (replaced existing)
2026/06/29 17:00:30 INFO  : svmiller.github.io/_site/about/index.html: Updated modification time in destination
2026/06/29 17:00:33 INFO  : svmiller.github.io/_site/blog/index.html: Updated modification time in destination
2026/06/29 17:00:37 INFO  : svmiller.github.io/_site/categories/index.html: Updated modification time in destination
2026/06/29 17:00:38 INFO  : svmiller.github.io/_site/R/peacesciencer/index.html: Updated modification time in destination
2026/06/29 17:00:40 INFO  : svmiller.github.io/_site/css/main.css: Updated modification time in destination
2026/06/29 17:00:41 INFO  : svmiller.github.io/_site/blog/2014/05/hello-world/index.html: Updated modification time in destination
2026/06/29 17:00:49 INFO  : svmiller.github.io/_site/cv/index.html: Updated modification time in destination
2026/06/29 17:00:51 INFO  : svmiller.github.io/_site/blog/2014/06/why-conservative-politicians-dont-like-political-science/index.html: Updated modification time in destination
2026/06/29 17:00:51 INFO  : svmiller.github.io/_site/blog/2015/02/moving-from-beamer-to-r-markdown/index.html: Updated modification time in destination
2026/06/29 17:00:56 INFO  : svmiller.github.io/_site/cyprus/index.html: Updated modification time in destination
2026/06/29 17:00:57 INFO  : svmiller.github.io/_site/blog/2016/02/svm-r-markdown-manuscript/index.html: Updated modification time in destination
2026/06/29 17:00:57 INFO  : svmiller.github.io/_site/blog/2015/02/quasi-automating-the-inclusion-of-random-effects-in-rs-stargazer-package/index.html: Updated modification time in destination
2026/06/29 17:00:57 INFO  : svmiller.github.io/_site/blog/2015/04/some-psfrustrations-from-an-ir-perspective/index.html: Updated modification time in destination
2026/06/29 17:00:58 INFO  : svmiller.github.io/_site/blog/2014/08/a-beginners-guide-to-using-r/index.html: Updated modification time in destination
2026/06/29 17:01:01 INFO  : 
Transferred:   	  772.400 KiB / 772.400 KiB, 100%, 19.912 KiB/s, ETA 0s
Checks:             51766 / 61774, 84%
Transferred:            7 / 7, 100%
Elapsed time:       1m0.0s
Checking:
 * svmiller.github.io/_si…e-summaries/index.html: checking

2026/06/29 17:01:05 INFO  : svmiller.github.io/.Rproj.user/A2B385C5/rmd-outputs: Updated modification time in destination
2026/06/29 17:01:05 INFO  : svmiller.github.io/.Rproj.user/A2B385C5/saved_source_markers: Updated modification time in destination
2026/06/29 17:01:07 INFO  : svmiller.github.io/_site/blog/2017/04/age-income-racism-partisanship-trump-vote-2016/index.html: Updated modification time in destination
2026/06/29 17:01:07 INFO  : svmiller.github.io/_site/blog/2016/03/svm-r-markdown-cv/index.html: Updated modification time in destination
2026/06/29 17:01:07 INFO  : svmiller.github.io/_site/blog/2014/09/taking-good-notes/index.html: Updated modification time in destination
2026/06/29 17:01:07 INFO  : svmiller.github.io/_site/blog/2014/08/reading-a-regression-table-a-guide-for-students/index.html: Updated modification time in destination
2026/06/29 17:01:07 INFO  : svmiller.github.io/_site/blog/2015/06/dos-and-donts-of-writing-for-students/index.html: Updated modification time in destination
2026/06/29 17:01:20 INFO  : svmiller.github.io/_site/blog/2018/02/r-markdown-xaringan-theme/index.html: Updated modification time in destination
2026/06/29 17:01:20 INFO  : svmiller.github.io/_site/blog/2017/05/nato-spending-is-fine-knock-it-off-already-ugggh/index.html: Updated modification time in destination
2026/06/29 17:01:21 INFO  : svmiller.github.io/_site/blog/2016/05/america-strong-leaders-world-values-survey-trump/index.html: Updated modification time in destination
2026/06/29 17:01:21 INFO  : svmiller.github.io/_site/blog/2015/08/create-your-website-in-jekyll/index.html: Updated modification time in destination
2026/06/29 17:01:21 INFO  : svmiller.github.io/_site/blog/2015/06/syncing-word-values-survey-country-codes-with-cow-codes/index.html: Updated modification time in destination
2026/06/29 17:01:21 INFO  : svmiller.github.io/_site/blog/2014/11/dont-visualize-data-like-this/index.html: Updated modification time in destination
2026/06/29 17:01:32 INFO  : svmiller.github.io/_site/drafts/2016-02-10-svm-r-markdown-manuscript/index.html: Updated modification time in destination
2026/06/29 17:01:33 INFO  : svmiller.github.io/_site/blog/2019/01/create-country-year-dyad-year-from-country-data/index.html: Updated modification time in destination
2026/06/29 17:01:34 INFO  : svmiller.github.io/_site/blog/2017/06/quickly-create-peace-years-for-btscs-models-with-stevemisc/index.html: Updated modification time in destination
2026/06/29 17:01:34 INFO  : svmiller.github.io/_site/blog/2018/06/mixed-effects-models-optimizer-checks/index.html: Updated modification time in destination
2026/06/29 17:01:34 INFO  : svmiller.github.io/_site/blog/2016/07/r-markdown-syllabus/index.html: Updated modification time in destination
2026/06/29 17:01:34 INFO  : svmiller.github.io/_site/blog/2015/12/assorted-tips-students-research-papers/index.html: Updated modification time in destination
2026/06/29 17:01:34 INFO  : svmiller.github.io/_site/blog/2016/05/educational-power-discomfort/index.html: Updated modification time in destination
2026/06/29 17:01:34 INFO  : svmiller.github.io/_site/blog/2014/11/how-to-do-a-literature-review/index.html: Updated modification time in destination
2026/06/29 17:01:34 INFO  : svmiller.github.io/_site/blog/2015/08/streamlining-the-syllabus-in-latex-with-advdate-and-datetime/index.html: Updated modification time in destination
2026/06/29 17:01:49 INFO  : svmiller.github.io/_site/dross/2019-07-31-free-stuff-government-does-not-play-well-midwest-sure-claire/index.html: Updated modification time in destination
2026/06/29 17:01:49 INFO  : svmiller.github.io/_site/drafts/2016-05-27-america-strong-leaders-world-values-survey-trump/index.html: Updated modification time in destination
2026/06/29 17:01:51 INFO  : svmiller.github.io/_site/blog/2020/01/graph-the-manufacturing-trends-under-trump/index.html: Updated modification time in destination
2026/06/29 17:01:51 INFO  : svmiller.github.io/_site/blog/2019/01/how-should-you-store-load-bigger-data-sets-wvs/index.html: Updated modification time in destination
2026/06/29 17:01:51 INFO  : svmiller.github.io/_site/blog/2019/02/dragracer-rupauls-drag-race-analysis/index.html: Updated modification time in destination
2026/06/29 17:01:52 INFO  : svmiller.github.io/_site/blog/2017/07/how-serious-are-americans-about-democracy-americasbarometer/index.html: Updated modification time in destination
2026/06/29 17:01:52 INFO  : svmiller.github.io/_site/blog/2016/11/wisconsin-vote-hacking-probably-not-stop-it/index.html: Updated modification time in destination
2026/06/29 17:01:52 INFO  : svmiller.github.io/_site/blog/2015/12/gun-control-public-opinion-1972-2014/index.html: Updated modification time in destination
2026/06/29 17:01:52 INFO  : svmiller.github.io/_site/blog/2016/05/everybody-writes-academic/index.html: Updated modification time in destination
2026/06/29 17:01:52 INFO  : svmiller.github.io/_site/blog/2018/08/course-website-jekyll-template/index.html: Updated modification time in destination
2026/06/29 17:01:58 INFO  : svmiller.github.io/images/alliances-weighting-foreign-policy-similarity/cinc-scores-1816-2016-1.png: Copied (new)
2026/06/29 17:02:01 INFO  : 
Transferred:   	 1010.821 KiB / 1010.821 KiB, 100%, 6.854 KiB/s, ETA 0s
Checks:             87623 / 97631, 90%
Transferred:            8 / 8, 100%
Elapsed time:       2m0.0s
Checking:
 * svmiller.github.io/_si…e-summaries/index.html: checking

2026/06/29 17:02:08 INFO  : svmiller.github.io/_site/dross/2022-02-01-when-does-a-t-distribution-become-normal/index.html: Updated modification time in destination
2026/06/29 17:02:08 INFO  : svmiller.github.io/_site/drafts/2016-05-27-america-strong-leaders-world-values-survey-trump copy/index.html: Updated modification time in destination
2026/06/29 17:02:11 INFO  : svmiller.github.io/_site/blog/2020/02/comparing-qs-fst-rds-for-bigger-datasets/index.html: Updated modification time in destination
2026/06/29 17:02:11 INFO  : svmiller.github.io/_site/blog/2021/01/a-tutorial-on-state-classification-systems/index.html: Updated modification time in destination
2026/06/29 17:02:11 INFO  : svmiller.github.io/_site/blog/2020/01/illustrate-correlation-fallacies-limitations-in-r/index.html: Updated modification time in destination
2026/06/29 17:02:11 INFO  : svmiller.github.io/_site/blog/2019/06/r-markdown-memo-template/index.html: Updated modification time in destination
2026/06/29 17:02:12 INFO  : svmiller.github.io/_site/blog/2017/08/usa-intolerance-xenophobia-racism-strong-leader-democracy-trump/index.html: Updated modification time in destination
2026/06/29 17:02:12 INFO  : svmiller.github.io/_site/blog/2017/07/set-up-google-scholar-to-find-class-readings/index.html: Updated modification time in destination
2026/06/29 17:02:12 INFO  : svmiller.github.io/_site/blog/2015/12/monkey-cage-putin-trump-strong-leaders/index.html: Updated modification time in destination
2026/06/29 17:02:12 INFO  : svmiller.github.io/_site/blog/2016/05/fun-with-attendance-grades/index.html: Updated modification time in destination
2026/06/29 17:02:25 INFO  : svmiller.github.io/_site/for-students/index.html: Updated modification time in destination
2026/06/29 17:02:26 INFO  : svmiller.github.io/_site/dross/blog/index.html: Updated modification time in destination
2026/06/29 17:02:28 INFO  : svmiller.github.io/_site/blog/2022/01/print-references-reading-list-syllabus-r-markdown-stevemisc/index.html: Updated modification time in destination
2026/06/29 17:02:28 INFO  : svmiller.github.io/_site/blog/2020/03/bootstrap-standard-errors-in-r/index.html: Updated modification time in destination
2026/06/29 17:02:28 INFO  : svmiller.github.io/_site/blog/2021/02/gank-world-bank-data-with-wdi-in-r/index.html: Updated modification time in destination
2026/06/29 17:02:28 INFO  : svmiller.github.io/_site/blog/2019/07/academic-workflow-rmarkdown-guide-template/index.html: Updated modification time in destination
2026/06/29 17:02:28 INFO  : svmiller.github.io/_site/blog/2020/02/random-measurement-error/index.html: Updated modification time in destination
2026/06/29 17:02:29 INFO  : svmiller.github.io/_site/blog/2021/01/a-tutorial-on-the-join-family-in-r/index.html: Updated modification time in destination
2026/06/29 17:02:29 INFO  : svmiller.github.io/_site/blog/2016/12/trump-twitter-diversion-controversial-subjects-public-opinion/index.html: Updated modification time in destination
2026/06/29 17:02:30 INFO  : svmiller.github.io/_site/blog/2016/05/put-your-laptops-away-2/index.html: Updated modification time in destination
2026/06/29 17:02:43 INFO  : svmiller.github.io/_site/gml-mid-data/index.html: Updated modification time in destination
2026/06/29 17:02:44 INFO  : svmiller.github.io/_site/for-students/letters-of-recommendation/index.html: Updated modification time in destination
2026/06/29 17:02:47 INFO  : svmiller.github.io/_site/blog/2023/01/index-economic-data-adjust-inflation/index.html: Updated modification time in destination
2026/06/29 17:02:47 INFO  : svmiller.github.io/_site/blog/2022/05/an-analysis-of-rupauls-lip-sync-songs-dragracer-spotify/index.html: Updated modification time in destination
2026/06/29 17:02:47 INFO  : svmiller.github.io/_site/blog/2020/04/post-estimation-simulation-trump-vote-midwest/index.html: Updated modification time in destination
2026/06/29 17:02:47 INFO  : svmiller.github.io/_site/blog/2020/03/dow-jones-no-good-very-bad-day/index.html: Updated modification time in destination
2026/06/29 17:02:47 INFO  : svmiller.github.io/_site/blog/2021/02/thinking-about-your-priors-bayesian-analysis/index.html: Updated modification time in destination
2026/06/29 17:02:47 INFO  : svmiller.github.io/_site/blog/2021/03/handle-academic-projects-steveproj-make/index.html: Updated modification time in destination
2026/06/29 17:02:48 INFO  : svmiller.github.io/_site/blog/2019/08/how-bad-is-americas-gun-violence-mass-shooting-problem-in-a-few-lines-of-r-code/index.html: Updated modification time in destination
2026/06/29 17:02:48 INFO  : svmiller.github.io/_site/blog/2019/07/notes-to-self-new-linux-installation-r-ubuntu/index.html: Updated modification time in destination
2026/06/29 17:03:01 INFO  : 
Transferred:   	 1010.821 KiB / 1010.821 KiB, 100%, 146 B/s, ETA 0s
Checks:            112090 / 122099, 92%
Transferred:            8 / 8, 100%
Elapsed time:       3m0.0s
Checking:
 * svmiller.github.io/_si…e-summaries/index.html: checking
 * svmiller.github.io/_si…e-damn-kids/index.html: checking

2026/06/29 17:03:02 INFO  : svmiller.github.io/_site/graphs/index.html: Updated modification time in destination
2026/06/29 17:03:02 INFO  : svmiller.github.io/_site/for-students/pi-sigma-alpha/index.html: Updated modification time in destination
2026/06/29 17:03:05 INFO  : svmiller.github.io/_site/blog/2023/05/a-third-rmarkdown-article-manuscript-template/index.html: Updated modification time in destination
2026/06/29 17:03:05 INFO  : svmiller.github.io/_site/blog/2024/01/linear-model-diagnostics-by-ir-example/index.html: Updated modification time in destination
2026/06/29 17:03:05 INFO  : svmiller.github.io/_site/blog/2022/09/steveproj-stevetemplates-targets-workflow-example/index.html: Updated modification time in destination
2026/06/29 17:03:05 INFO  : svmiller.github.io/_site/blog/2023/01/what-log-variables-do-for-your-ols-model/index.html: Updated modification time in destination
2026/06/29 17:03:05 INFO  : svmiller.github.io/_site/blog/2020/05/better-way-to-include-random-effects-stargazer/index.html: Updated modification time in destination
2026/06/29 17:03:06 INFO  : svmiller.github.io/_site/blog/2020/04/reinhart-rogoff-ten-years-later-replication/index.html: Updated modification time in destination
2026/06/29 17:03:06 INFO  : svmiller.github.io/_site/blog/2020/03/normal-distribution-central-limit-theorem-inference/index.html: Updated modification time in destination
2026/06/29 17:03:06 INFO  : svmiller.github.io/_site/blog/2021/05/convert-cow-mid-data-to-dispute-year/index.html: Updated modification time in destination
2026/06/29 17:03:06 INFO  : svmiller.github.io/_site/blog/2019/09/instrumental-variables-2sls/index.html: Updated modification time in destination
2026/06/29 17:03:06 INFO  : svmiller.github.io/_site/blog/2019/08/r-markdown-template-beamer-presentations/index.html: Updated modification time in destination
2026/06/29 17:03:06 INFO  : svmiller.github.io/_site/images/alliances-weighting-foreign-policy-similarity/cinc-scores-1816-2016-1.png: Copied (new)
2026/06/29 17:03:20 INFO  : svmiller.github.io/_site/dross/things-we-really-should-be-citing/index.html: Updated modification time in destination
2026/06/29 17:03:25 INFO  : svmiller.github.io/_site/blog/2023/09/democracy-income-correlation-analysis/index.html: Updated modification time in destination
2026/06/29 17:03:25 INFO  : svmiller.github.io/_site/blog/2025/01/create-your-panel-or-state-year-data/index.html: Updated modification time in destination
2026/06/29 17:03:25 INFO  : svmiller.github.io/_site/blog/2024/02/interpreting-probit-models/index.html: Updated modification time in destination
2026/06/29 17:03:25 INFO  : svmiller.github.io/_site/blog/2020/08/a-ggplot-calendar-for-your-semester/index.html: Updated modification time in destination
2026/06/29 17:03:26 INFO  : svmiller.github.io/_site/blog/2021/09/rationalist-explanations-war/index.html: Updated modification time in destination
2026/06/29 17:03:26 INFO  : svmiller.github.io/_site/blog/2020/05/jackie-cox-rupauls-drag-race-firework-lipsync/index.html: Updated modification time in destination
2026/06/29 17:03:26 INFO  : svmiller.github.io/_site/blog/2021/05/testy-mctesterson/index.html: Updated modification time in destination
2026/06/29 17:03:26 INFO  : svmiller.github.io/_site/blog/2019/10/create-extend-strategic-rivalry-data-r/index.html: Updated modification time in destination
2026/06/29 17:03:26 INFO  : svmiller.github.io/_site/blog/2020/04/summarizing-ordinal-models-with-simulation-multivariate-normal/index.html: Updated modification time in destination
2026/06/29 17:03:26 INFO  : svmiller.github.io/_site/blog/2020/03/the-covid19-initial-claims-spike-in-context-r/index.html: Updated modification time in destination
2026/06/29 17:03:26 INFO  : svmiller.github.io/_site/blog/2019/08/two-helpful-rmarkdown-jekyll-tips/index.html: Updated modification time in destination
2026/06/29 17:03:42 INFO  : svmiller.github.io/_site/blog/2026/03/common-noun-proper-noun/index.html: Updated modification time in destination
2026/06/29 17:03:42 INFO  : svmiller.github.io/_site/blog/2023/12/count-models-poisson-negative-binomial/index.html: Updated modification time in destination
2026/06/29 17:03:43 INFO  : svmiller.github.io/_site/blog/2025/03/simulate-your-interactions-simqi/index.html: Updated modification time in destination
2026/06/29 17:03:43 INFO  : svmiller.github.io/_site/blog/2024/05/assorted-tips-for-student-theses/index.html: Updated modification time in destination
2026/06/29 17:03:43 INFO  : svmiller.github.io/_site/blog/2020/09/another-rmarkdown-article-template/index.html: Updated modification time in destination
2026/06/29 17:03:43 INFO  : svmiller.github.io/_site/blog/2020/08/decision-trees-random-forest/index.html: Updated modification time in destination
2026/06/29 17:03:43 INFO  : svmiller.github.io/_site/blog/2021/11/calculate-tau-b-alliances-in-r/index.html: Updated modification time in destination
2026/06/29 17:03:43 INFO  : svmiller.github.io/_site/blog/2020/03/what-explains-british-attitudes-toward-immigration-a-pedagogical-example/index.html: Updated modification time in destination
2026/06/29 17:03:43 INFO  : svmiller.github.io/_site/blog/2019/08/us-terrorism-ideology-analysis-1970s/index.html: Updated modification time in destination
2026/06/29 17:03:49 INFO  : svmiller.github.io/.git/objects/1c/906dbf243ce134e9443554e42245e46d232d1d: Copied (new)
2026/06/29 17:03:52 INFO  : svmiller.github.io/_site/miscelanea/index.html: Updated modification time in destination
2026/06/29 17:03:54 INFO  : svmiller.github.io/.Rproj.user/A2B385C5/sources/per/t/85E8301F: Copied (new)
2026/06/29 17:03:54 INFO  : svmiller.github.io/.Rproj.user/A2B385C5/sources/per/t/85E8301F-contents: Copied (new)
2026/06/29 17:03:54 INFO  : svmiller.github.io/.Rproj.user/A2B385C5/sources/per/t/CED8C802-contents: Copied (new)
2026/06/29 17:03:54 INFO  : svmiller.github.io/.Rproj.user/A2B385C5/sources/per/t/CED8C802: Copied (new)
2026/06/29 17:03:54 INFO  : svmiller.github.io/_site/blog/2025/04/stephen-a-smith-ir-scholarship/index.html: Updated modification time in destination
2026/06/29 17:03:55 INFO  : svmiller.github.io/_site/blog/2026/06/alliances-weighting-foreign-policy-similarity/index.html: Copied (replaced existing)
2026/06/29 17:03:55 INFO  : svmiller.github.io/_site/blog/2020/09/rmarkdown-template-non-academic-resume/index.html: Updated modification time in destination
2026/06/29 17:03:55 INFO  : svmiller.github.io/_site/blog/2020/08/some-parlor-tricks-with-survey-type-analyses-in-r/index.html: Updated modification time in destination
2026/06/29 17:03:55 INFO  : svmiller.github.io/_site/blog/2024/10/absolute-gains-relative-gains-ir-theory/index.html: Updated modification time in destination
2026/06/29 17:03:55 INFO  : svmiller.github.io/.Rproj.user/A2B385C5/sources/per/t/E4DFD799: Copied (new)
2026/06/29 17:03:55 INFO  : svmiller.github.io/_site/blog/2020/10/inference-permutations-gender-pay-gap-general-social-survey/index.html: Updated modification time in destination
2026/06/29 17:03:55 INFO  : svmiller.github.io/_site/blog/2019/08/what-explains-union-density-brms-replication/index.html: Updated modification time in destination
2026/06/29 17:03:59 INFO  : svmiller.github.io/.Rproj.user/A2B385C5/sources/per/u/78C8E546: Copied (new)
2026/06/29 17:03:59 INFO  : svmiller.github.io/.Rproj.user/A2B385C5/sources/per/u/40603A3D: Copied (new)
2026/06/29 17:03:59 INFO  : svmiller.github.io/.Rproj.user/A2B385C5/sources/per/u/40603A3D-contents: Copied (new)
2026/06/29 17:03:59 INFO  : svmiller.github.io/.Rproj.user/A2B385C5/sources/per/u/78C8E546-contents: Copied (new)
2026/06/29 17:03:59 INFO  : svmiller.github.io/.Rproj.user/A2B385C5/sources/per/u/E5C11D72: Copied (new)
2026/06/29 17:03:59 INFO  : svmiller.github.io/.Rproj.user/A2B385C5/sources/per/u/E5C11D72-contents: Copied (new)
2026/06/29 17:04:01 INFO  : 
Transferred:   	    1.388 MiB / 1.388 MiB, 100%, 7.188 KiB/s, ETA 0s
Checks:            127776 / 137784, 93%
Transferred:           22 / 23, 96%
Elapsed time:       4m0.0s
Checking:
 * svmiller.github.io/_si…e-summaries/index.html: checking
 * svmiller.github.io/_si…e-damn-kids/index.html: checking
Transferring:
 * svmiller.github.io/.Rp…er/t/E4DFD799-contents:100% /35.511Ki, 5.072Ki/s, 0s

2026/06/29 17:04:05 INFO  : svmiller.github.io/.Rproj.user/A2B385C5/pcs/debug-breakpoints.pper: Updated modification time in destination
2026/06/29 17:04:05 INFO  : svmiller.github.io/.Rproj.user/A2B385C5/pcs/files-pane.pper: Updated modification time in destination
2026/06/29 17:04:05 INFO  : svmiller.github.io/.Rproj.user/A2B385C5/pcs/packages-pane.pper: Updated modification time in destination
2026/06/29 17:04:05 INFO  : svmiller.github.io/.Rproj.user/A2B385C5/pcs/source-pane.pper: Updated modification time in destination
2026/06/29 17:04:05 INFO  : svmiller.github.io/.Rproj.user/A2B385C5/pcs/workbench-pane.pper: Copied (replaced existing)
2026/06/29 17:04:05 INFO  : svmiller.github.io/.Rproj.user/A2B385C5/pcs/windowlayoutstate.pper: Copied (replaced existing)
2026/06/29 17:04:06 INFO  : svmiller.github.io/_site/blog/2025/05/cloud-storage-european-style/index.html: Updated modification time in destination
2026/06/29 17:04:06 INFO  : svmiller.github.io/_site/blog/2024/11/statistics-for-excel-please-dont-do-this-use-r/index.html: Updated modification time in destination
2026/06/29 17:04:06 INFO  : svmiller.github.io/_site/blog/2024/10/inequality-insurgency-south-vietnam-1968-statistical-analysis/index.html: Updated modification time in destination
2026/06/29 17:04:06 INFO  : svmiller.github.io/_site/blog/2020/11/smarter-ways-to-store-your-wide-data-with-sql-magic-purrr/index.html: Updated modification time in destination
2026/06/29 17:04:06 INFO  : svmiller.github.io/.git/objects/1f/6bb09f4440d14b4e523b807a581b2fadeb74d9: Copied (new)
2026/06/29 17:04:14 INFO  : svmiller.github.io/_site/presentations/index.html: Updated modification time in destination
2026/06/29 17:04:15 INFO  : svmiller.github.io/_site/miscellany/clean-usaid-greenbook-data/index.html: Updated modification time in destination
2026/06/29 17:04:16 INFO  : svmiller.github.io/_site/blog/2024/10/make-simple-cross-sectional-world-bank-data-wdi/index.html: Updated modification time in destination
2026/06/29 17:04:16 INFO  : svmiller.github.io/_site/blog/2024/12/just-use-logistic-regression-already/index.html: Updated modification time in destination
2026/06/29 17:04:16 INFO  : svmiller.github.io/_site/blog/2025/08/global-governance-meter-standard-reference-temperature/index.html: Updated modification time in destination
2026/06/29 17:04:24 INFO  : svmiller.github.io/_site/research/index.html: Updated modification time in destination
2026/06/29 17:04:24 INFO  : svmiller.github.io/_site/miscellany/journal-of-peace-research-bst-file/index.html: Updated modification time in destination
2026/06/29 17:04:25 INFO  : svmiller.github.io/_site/blog/2025/08/simple-tests-for-arms-races-war/index.html: Updated modification time in destination
2026/06/29 17:04:25 INFO  : svmiller.github.io/_site/blog/2025/09/assorted-opinionated-takes-on-chatbot-use-by-students/index.html: Updated modification time in destination
2026/06/29 17:04:29 INFO  : svmiller.github.io/_site/miscellany/my-custom-clemson-themed-beamer-style/index.html: Updated modification time in destination
2026/06/29 17:04:29 INFO  : svmiller.github.io/_site/research/economic-anxiety-ethnocentrism-immigration-1992-2017/index.html: Updated modification time in destination
2026/06/29 17:04:30 INFO  : svmiller.github.io/_site/blog/2025/09/replication-forensics/index.html: Updated modification time in destination
2026/06/29 17:04:30 INFO  : svmiller.github.io/_site/blog/2025/10/quality-of-government-example/index.html: Updated modification time in destination
2026/06/29 17:04:35 INFO  : svmiller.github.io/_site/teaching/index.html: Updated modification time in destination
2026/06/29 17:04:35 INFO  : svmiller.github.io/_site/research/economic-threats-or-societal-turmoil-understanding-preferences-for-authoritarian-political-systems/index.html: Updated modification time in destination
2026/06/29 17:04:36 INFO  : svmiller.github.io/.Rproj.user/A2B385C5/sources/prop/3E0AE001: Copied (replaced existing)
2026/06/29 17:04:36 INFO  : svmiller.github.io/_site/blog/2025/12/statistics-model-fit-jensens-inequality-bootstrap/index.html: Updated modification time in destination
2026/06/29 17:04:36 INFO  : svmiller.github.io/_site/blog/2025/10/simulate-time-series-diagnostics-stsd/index.html: Updated modification time in destination
2026/06/29 17:04:37 INFO  : svmiller.github.io/.Rproj.user/A2B385C5/sources/prop/6B9BC32D: Copied (replaced existing)
2026/06/29 17:04:37 INFO  : svmiller.github.io/.Rproj.user/A2B385C5/sources/prop/A9DF4750: Copied (replaced existing)
2026/06/29 17:04:40 INFO  : svmiller.github.io/_site/research/effect-terrorism-judicial-confidence/index.html: Updated modification time in destination
2026/06/29 17:04:40 INFO  : svmiller.github.io/_site/teaching/data-science-social-sciences/index.html: Updated modification time in destination
2026/06/29 17:04:41 INFO  : svmiller.github.io/_site/blog/2025/12/war-and-the-state-r-harrison-wagner/index.html: Updated modification time in destination
2026/06/29 17:04:46 INFO  : svmiller.github.io/_site/research/external-territorial-threats-and-tolerance-of-corruption-a-privategovernment-distinction/index.html: Updated modification time in destination
2026/06/29 17:04:46 INFO  : svmiller.github.io/_site/teaching/posc-1020-introduction-to-international-relations/index.html: Updated modification time in destination
2026/06/29 17:04:54 INFO  : svmiller.github.io/_site/teaching/posc-3410-quantitative-methods-in-political-science/index.html: Updated modification time in destination
2026/06/29 17:05:00 INFO  : svmiller.github.io/_site/research/territorial-disputes-and-the-politics-of-individual-well-being/index.html: Updated modification time in destination
2026/06/29 17:05:01 INFO  : 
Transferred:   	    1.394 MiB / 1.394 MiB, 100%, 170 B/s, ETA 0s
Checks:            141558 / 151553, 93%
Transferred:           28 / 31, 90%
Elapsed time:       5m0.0s
Checking:
 * svmiller.github.io/_si…e-summaries/index.html: checking
 * svmiller.github.io/_si…e-damn-kids/index.html: checking
 * svmiller.github.io/_si…rial-threat/index.html: checking
 * svmiller.github.io/_si…al-conflict/index.html: checking
Transferring:
 * svmiller.github.io/.Rp…er/t/E4DFD799-contents:100% /35.511Ki, 84/s, 0s
 * svmiller.github.io/.Rp…/sources/prop/160EBB1D:100% /110, 3/s, 0s
 * svmiller.github.io/.Rp…/sources/prop/41B0F400:100% /110, 3/s, 0s

2026/06/29 17:05:07 INFO  : svmiller.github.io/_site/research/what-americans-really-think-about-gun-control/index.html: Updated modification time in destination
2026/06/29 17:05:07 INFO  : svmiller.github.io/_site/teaching/posc-3630-united-states-foreign-policy/index.html: Updated modification time in destination
2026/06/29 17:05:15 INFO  : svmiller.github.io/_site/research/white-social-prejudice-support-american-democracy/index.html: Updated modification time in destination
2026/06/29 17:05:15 INFO  : svmiller.github.io/_site/teaching/posc-4430-political-behavior/index.html: Updated modification time in destination
2026/06/29 17:05:30 INFO  : svmiller.github.io/.git/objects/32/53c6dda0ee32dbfbfa413471112eaa6ac48502: Copied (new)
2026/06/29 17:05:32 ERROR : svmiller.github.io/_site/article-summaries/index.html: Failed to set modification time: update mtime: copyfile: Put "https://eapi.pcloud.com/copyfile?ctime=1782740044&fileid=76820394561&folderid=18043044194&mtime=1782740044&tofolderid=18043044194&toname=index.html": net/http: timeout awaiting response headers
2026/06/29 17:05:34 INFO  : svmiller.github.io/.Rproj.user/shared/notebooks/E0767DE5-2026-06-28-alliances-weighting-foreign-policy-similarity/1/s/chunks.json: Updated modification time in destination
2026/06/29 17:06:01 INFO  : 
Transferred:   	    1.395 MiB / 1.395 MiB, 100%, 15 B/s, ETA 0s
Errors:                 1 (retrying may help)
Checks:            168163 / 168167, 100%
Transferred:           29 / 32, 91%
Elapsed time:       6m0.0s
Checking:
 * svmiller.github.io/_si…e-damn-kids/index.html: checking
 * svmiller.github.io/_si…rial-threat/index.html: checking
 * svmiller.github.io/_si…al-conflict/index.html: checking
 * svmiller.github.io/_si…cy-analysis/index.html: checking
Transferring:
 * svmiller.github.io/.Rp…er/t/E4DFD799-contents:100% /35.511Ki, 1/s, 0s
 * svmiller.github.io/.Rp…/sources/prop/160EBB1D:100% /110, 0/s, 0s
 * svmiller.github.io/.Rp…/sources/prop/41B0F400:100% /110, 0/s, 0s

2026/06/29 17:06:03 INFO  : svmiller.github.io/.git/objects/47/c82048ce203cc2288b1577795398f719b8e4f0: Copied (new)
2026/06/29 17:06:52 INFO  : svmiller.github.io/.git/objects/69/e5fe1cecffdd38c6dc77be0d026bde3aa60d23: Copied (new)
2026/06/29 17:07:01 INFO  : 
Transferred:   	    1.424 MiB / 1.424 MiB, 100%, 536 B/s, ETA 0s
Errors:                 1 (retrying may help)
Checks:            188378 / 188400, 100%
Transferred:           31 / 35, 89%
Elapsed time:       7m0.0s
Checking:
 * svmiller.github.io/_si…e-damn-kids/index.html: checking
 * svmiller.github.io/_si…rial-threat/index.html: checking
 * svmiller.github.io/_si…al-conflict/index.html: checking
 * svmiller.github.io/_si…cy-analysis/index.html: checking
Transferring:
 * svmiller.github.io/.Rp…er/t/E4DFD799-contents:100% /35.511Ki, 0/s, 0s
 * svmiller.github.io/.Rp…/sources/prop/160EBB1D:100% /110, 0/s, 0s
 * svmiller.github.io/.Rp…/sources/prop/41B0F400:100% /110, 0/s, 0s
 * svmiller.github.io/.gi…dc6d46c101560b3e1e395d:100% /156, 31/s, 0s

2026/06/29 17:07:12 ERROR : svmiller.github.io/_site/blog/2016/12/millennials-support-democracy-stop-blaming-the-damn-kids/index.html: Failed to set modification time: update mtime: copyfile: Put "https://eapi.pcloud.com/copyfile?ctime=1782740044&fileid=72452424103&folderid=18043142894&mtime=1782740044&tofolderid=18043142894&toname=index.html": net/http: timeout awaiting response headers
2026/06/29 17:08:01 INFO  : 
Transferred:   	    1.424 MiB / 1.782 MiB, 80%, 11 B/s, ETA 9h21m17s
Errors:                 2 (retrying may help)
Checks:            212429 / 212432, 100%
Transferred:           31 / 50, 62%
Elapsed time:       8m0.0s
Checking:
 * svmiller.github.io/_si…rial-threat/index.html: checking
 * svmiller.github.io/_si…al-conflict/index.html: checking
 * svmiller.github.io/_si…cy-analysis/index.html: checking
Transferring:
 * svmiller.github.io/.Rp…er/t/E4DFD799-contents:100% /35.511Ki, 0/s, 0s
 * svmiller.github.io/.Rp…/sources/prop/160EBB1D:100% /110, 0/s, 0s
 * svmiller.github.io/.Rp…/sources/prop/41B0F400:100% /110, 0/s, 0s
 * svmiller.github.io/.gi…dc6d46c101560b3e1e395d:100% /156, 0/s, 0s

2026/06/29 17:09:00 INFO  : svmiller.github.io/.Rproj.user/A2B385C5/sources/per/t/E4DFD799-contents: Copied (new)
2026/06/29 17:09:01 INFO  : svmiller.github.io/.git/objects/77/934b7b4bb3daf889b3d964362947fc98d7959d: Copied (new)
2026/06/29 17:09:01 INFO  : svmiller.github.io/.git/objects/7e/d25a8ce760b30c601cc4a2e4f15c133d3ac39a: Copied (new)
2026/06/29 17:09:01 INFO  : 
Transferred:   	    1.476 MiB / 1.873 MiB, 79%, 3.185 KiB/s, ETA 2m7s
Errors:                 2 (retrying may help)
Checks:            226791 / 226794, 100%
Transferred:           34 / 57, 60%
Elapsed time:       9m0.0s
Checking:
 * svmiller.github.io/_si…rial-threat/index.html: checking
 * svmiller.github.io/_si…al-conflict/index.html: checking
 * svmiller.github.io/_si…cy-analysis/index.html: checking
Transferring:
 * svmiller.github.io/.Rp…/sources/prop/160EBB1D:100% /110, 0/s, 0s
 * svmiller.github.io/.Rp…/sources/prop/41B0F400:100% /110, 0/s, 0s
 * svmiller.github.io/.gi…dc6d46c101560b3e1e395d:100% /156, 0/s, 0s
 * svmiller.github.io/.gi…e41d8f365b0aad09323ca7:100% /14.163Ki, 0/s, -

2026/06/29 17:09:02 INFO  : svmiller.github.io/.git/objects/8f/1a38daf371ce2301e41d8f365b0aad09323ca7: Copied (new)
2026/06/29 17:09:02 INFO  : svmiller.github.io/.git/objects/93/08868cb2983c645220f143d76daf62c1ba27d1: Copied (new)
2026/06/29 17:09:04 INFO  : svmiller.github.io/.git/objects/95/86c11ebc1685eeb1a07ad2d71bd86836b49007: Copied (new)
2026/06/29 17:09:04 INFO  : svmiller.github.io/.git/objects/96/b246d5be8d604d2eb9bcce1c42035164b8574d: Copied (new)
2026/06/29 17:09:36 INFO  : svmiller.github.io/.Rproj.user/A2B385C5/sources/prop/41B0F400: Copied (replaced existing)
2026/06/29 17:09:37 INFO  : svmiller.github.io/.git/objects/a6/51238a563e88722efe2ae5f5c1202eb1d77b6f: Copied (new)
2026/06/29 17:09:54 ERROR : svmiller.github.io/_site/research/individual-level-expectations-of-executive-authority-under-territorial-threat/index.html: Failed to set modification time: update mtime: copyfile: Put "https://eapi.pcloud.com/copyfile?ctime=1782740044&fileid=72452448606&folderid=18043308875&mtime=1782740044&tofolderid=18043308875&toname=index.html": net/http: timeout awaiting response headers
2026/06/29 17:10:01 ERROR : svmiller.github.io/_site/teaching/posc-3610-international-conflict/index.html: Failed to set modification time: update mtime: copyfile: Put "https://eapi.pcloud.com/copyfile?ctime=1782740044&fileid=72452450267&folderid=18043315178&mtime=1782740044&tofolderid=18043315178&toname=index.html": net/http: timeout awaiting response headers
2026/06/29 17:10:01 INFO  : 
Transferred:   	    1.611 MiB / 1.873 MiB, 86%, 1.694 KiB/s, ETA 2m38s
Errors:                 4 (retrying may help)
Checks:            226793 / 226794, 100%
Transferred:           40 / 57, 70%
Elapsed time:      10m0.0s
Checking:
 * svmiller.github.io/_si…cy-analysis/index.html: checking
Transferring:
 * svmiller.github.io/.Rp…/sources/prop/160EBB1D:100% /110, 5/s, 0s
 * svmiller.github.io/.gi…dc6d46c101560b3e1e395d:100% /156, 0/s, 0s
 * svmiller.github.io/.gi…3317475216cceb34b404f1:100% /178, 0/s, 0s
 * svmiller.github.io/.gi…87a6065e31025d38abfc59:100% /108.237Ki, 4.036Ki/s, 0s

2026/06/29 17:10:27 ERROR : svmiller.github.io/_site/teaching/quantitative-public-policy-analysis/index.html: Failed to set modification time: update mtime: copyfile: Put "https://eapi.pcloud.com/copyfile?ctime=1782740044&fileid=72452455906&folderid=18043397671&mtime=1782740044&tofolderid=18043397671&toname=index.html": net/http: timeout awaiting response headers
2026/06/29 17:11:01 INFO  : 
Transferred:   	    1.611 MiB / 1.873 MiB, 86%, 36 B/s, ETA 2h6m53s
Errors:                 5 (retrying may help)
Checks:            226794 / 226794, 100%
Transferred:           40 / 57, 70%
Elapsed time:      11m0.0s
Transferring:
 * svmiller.github.io/.Rp…/sources/prop/160EBB1D:100% /110, 0/s, 0s
 * svmiller.github.io/.gi…dc6d46c101560b3e1e395d:100% /156, 0/s, 0s
 * svmiller.github.io/.gi…3317475216cceb34b404f1:100% /178, 0/s, 0s
 * svmiller.github.io/.gi…87a6065e31025d38abfc59:100% /108.237Ki, 86/s, 0s

2026/06/29 17:11:57 INFO  : svmiller.github.io/.git/objects/6e/e553a106703001fadc6d46c101560b3e1e395d: Copied (new)
2026/06/29 17:11:58 INFO  : svmiller.github.io/.git/objects/c4/a4dda4fedb61cff8e40c41f9647266cb731dbb: Copied (new)
2026/06/29 17:11:58 INFO  : svmiller.github.io/.git/objects/c6/9acd84bebba48e449e4bf68fab8dda41b25ed6: Copied (new)
2026/06/29 17:11:59 INFO  : svmiller.github.io/.git/objects/c7/9e981348b14823b528f0afbc592734cdc15427: Copied (new)
2026/06/29 17:11:59 INFO  : svmiller.github.io/.git/objects/ca/35ba456c12e8b2997b3572284f88743614180f: Copied (new)
2026/06/29 17:12:01 INFO  : 
Transferred:   	    1.816 MiB / 1.873 MiB, 97%, 11.592 KiB/s, ETA 5s
Errors:                 5 (retrying may help)
Checks:            226794 / 226794, 100%
Transferred:           45 / 57, 79%
Elapsed time:      12m0.0s
Transferring:
 * svmiller.github.io/.Rp…/sources/prop/160EBB1D:100% /110, 0/s, 0s
 * svmiller.github.io/.gi…3317475216cceb34b404f1:100% /178, 0/s, 0s
 * svmiller.github.io/.gi…87a6065e31025d38abfc59:100% /108.237Ki, 1/s, 0s
 * svmiller.github.io/.gi…98e097960d4d12e0f36302:100% /155, 77/s, 0s

2026/06/29 17:13:01 INFO  : 
Transferred:   	    1.816 MiB / 1.873 MiB, 97%, 247 B/s, ETA 4m2s
Errors:                 5 (retrying may help)
Checks:            226794 / 226794, 100%
Transferred:           45 / 57, 79%
Elapsed time:     12m59.9s
Transferring:
 * svmiller.github.io/.Rp…/sources/prop/160EBB1D:100% /110, 0/s, 0s
 * svmiller.github.io/.gi…3317475216cceb34b404f1:100% /178, 0/s, 0s
 * svmiller.github.io/.gi…87a6065e31025d38abfc59:100% /108.237Ki, 0/s, 0s
 * svmiller.github.io/.gi…98e097960d4d12e0f36302:100% /155, 0/s, 0s

2026/06/29 17:14:01 INFO  : 
Transferred:   	    1.816 MiB / 1.873 MiB, 97%, 5 B/s, ETA 3h14m10s
Errors:                 5 (retrying may help)
Checks:            226794 / 226794, 100%
Transferred:           45 / 57, 79%
Elapsed time:      14m0.0s
Transferring:
 * svmiller.github.io/.Rp…/sources/prop/160EBB1D:100% /110, 0/s, 0s
 * svmiller.github.io/.gi…3317475216cceb34b404f1:100% /178, 0/s, 0s
 * svmiller.github.io/.gi…87a6065e31025d38abfc59:100% /108.237Ki, 0/s, 0s
 * svmiller.github.io/.gi…98e097960d4d12e0f36302:100% /155, 0/s, 0s

2026/06/29 17:14:10 INFO  : svmiller.github.io/.git/objects/9a/e8fb514e3706aba03317475216cceb34b404f1: Copied (new)
2026/06/29 17:14:42 INFO  : svmiller.github.io/.Rproj.user/A2B385C5/sources/prop/160EBB1D: Copied (replaced existing)
2026/06/29 17:14:42 INFO  : svmiller.github.io/.git/objects/e4/2b4843ef84a469ddb2d55b60cee112e4dc6d14: Copied (new)
2026/06/29 17:14:43 INFO  : svmiller.github.io/.git/objects/e8/aae950fa060a1e986f46797c30a49de15a9a1f: Copied (new)
2026/06/29 17:14:43 INFO  : svmiller.github.io/.git/objects/c2/fdc5e44577a2193d87a6065e31025d38abfc59: Copied (new)
2026/06/29 17:14:43 INFO  : svmiller.github.io/.git/objects/ed/03b4965dcc9b023aec5d58535312a0cbab6bba: Copied (new)
2026/06/29 17:14:44 INFO  : svmiller.github.io/.git/objects/f1/43fbd2d908785a58d7934363c6cef518ff7acf: Copied (new)
2026/06/29 17:14:44 INFO  : svmiller.github.io/.git/objects/f4/29f585209ad3c8a4d45ecba021824146a8e64d: Copied (new)
2026/06/29 17:15:01 INFO  : 
Transferred:   	    1.979 MiB / 1.979 MiB, 100%, 3.210 KiB/s, ETA 0s
Errors:                 5 (retrying may help)
Checks:            226794 / 226794, 100%
Transferred:           53 / 57, 93%
Elapsed time:      15m0.0s
Transferring:
 * svmiller.github.io/.gi…98e097960d4d12e0f36302:100% /155, 0/s, 0s
 * svmiller.github.io/.gi…777fe94a9370165578e05d:100% /1.454Ki, 9/s, 0s
 * svmiller.github.io/.gi…394757aef2b71b113b06d7:100% /3.350Ki, 200/s, 0s
 * svmiller.github.io/.gi…3c7e31865cbd22ed85765f:100% /3.341Ki, 200/s, 0s

2026/06/29 17:16:01 INFO  : 
Transferred:   	    1.979 MiB / 1.979 MiB, 100%, 68 B/s, ETA 0s
Errors:                 5 (retrying may help)
Checks:            226794 / 226794, 100%
Transferred:           53 / 57, 93%
Elapsed time:      16m0.0s
Transferring:
 * svmiller.github.io/.gi…98e097960d4d12e0f36302:100% /155, 0/s, 0s
 * svmiller.github.io/.gi…777fe94a9370165578e05d:100% /1.454Ki, 0/s, 0s
 * svmiller.github.io/.gi…394757aef2b71b113b06d7:100% /3.350Ki, 4/s, 0s
 * svmiller.github.io/.gi…3c7e31865cbd22ed85765f:100% /3.341Ki, 4/s, 0s

2026/06/29 17:16:59 INFO  : svmiller.github.io/.git/objects/ce/2fe331af91d9e73398e097960d4d12e0f36302: Copied (new)
2026/06/29 17:17:01 INFO  : 
Transferred:   	    1.979 MiB / 1.979 MiB, 100%, 1 B/s, ETA 0s
Errors:                 5 (retrying may help)
Checks:            226794 / 226794, 100%
Transferred:           54 / 57, 95%
Elapsed time:      17m0.0s
Transferring:
 * svmiller.github.io/.gi…777fe94a9370165578e05d:100% /1.454Ki, 0/s, 0s
 * svmiller.github.io/.gi…394757aef2b71b113b06d7:100% /3.350Ki, 0/s, 0s
 * svmiller.github.io/.gi…3c7e31865cbd22ed85765f:100% /3.341Ki, 0/s, 0s

2026/06/29 17:18:01 INFO  : 
Transferred:   	    1.979 MiB / 1.979 MiB, 100%, 0 B/s, ETA 0s
Errors:                 5 (retrying may help)
Checks:            226794 / 226794, 100%
Transferred:           54 / 57, 95%
Elapsed time:      18m0.0s
Transferring:
 * svmiller.github.io/.gi…777fe94a9370165578e05d:100% /1.454Ki, 0/s, 0s
 * svmiller.github.io/.gi…394757aef2b71b113b06d7:100% /3.350Ki, 0/s, 0s
 * svmiller.github.io/.gi…3c7e31865cbd22ed85765f:100% /3.341Ki, 0/s, 0s

2026/06/29 17:19:01 INFO  : 
Transferred:   	    1.979 MiB / 1.979 MiB, 100%, 0 B/s, ETA 0s
Errors:                 5 (retrying may help)
Checks:            226794 / 226794, 100%
Transferred:           54 / 57, 95%
Elapsed time:      19m0.0s
Transferring:
 * svmiller.github.io/.gi…777fe94a9370165578e05d:100% /1.454Ki, 0/s, 0s
 * svmiller.github.io/.gi…394757aef2b71b113b06d7:100% /3.350Ki, 0/s, 0s
 * svmiller.github.io/.gi…3c7e31865cbd22ed85765f:100% /3.341Ki, 0/s, 0s

2026/06/29 17:19:10 INFO  : svmiller.github.io/.git/objects/d0/158d1ad256ec420f777fe94a9370165578e05d: Copied (new)
2026/06/29 17:19:50 INFO  : svmiller.github.io/.git/objects/fb/c6f23ab3cf4e53923c7e31865cbd22ed85765f: Copied (new)
2026/06/29 17:20:01 INFO  : 
Transferred:   	    1.982 MiB / 1.982 MiB, 100%, 112 B/s, ETA 0s
Errors:                 5 (retrying may help)
Checks:            226794 / 226794, 100%
Transferred:           56 / 57, 98%
Elapsed time:      20m0.0s
Transferring:
 * svmiller.github.io/.gi…394757aef2b71b113b06d7:100% /3.350Ki, 0/s, 0s

2026/06/29 17:21:01 INFO  : 
Transferred:   	    1.982 MiB / 1.982 MiB, 100%, 2 B/s, ETA 0s
Errors:                 5 (retrying may help)
Checks:            226794 / 226794, 100%
Transferred:           56 / 57, 98%
Elapsed time:      21m0.0s
Transferring:
 * svmiller.github.io/.gi…394757aef2b71b113b06d7:100% /3.350Ki, 0/s, 0s

2026/06/29 17:22:01 INFO  : 
Transferred:   	    1.982 MiB / 1.982 MiB, 100%, 0 B/s, ETA 0s
Errors:                 5 (retrying may help)
Checks:            226794 / 226794, 100%
Transferred:           56 / 57, 98%
Elapsed time:      22m0.0s
Transferring:
 * svmiller.github.io/.gi…394757aef2b71b113b06d7:100% /3.350Ki, 0/s, 0s

2026/06/29 17:23:01 INFO  : 
Transferred:   	    1.982 MiB / 1.982 MiB, 100%, 0 B/s, ETA 0s
Errors:                 5 (retrying may help)
Checks:            226794 / 226794, 100%
Transferred:           56 / 57, 98%
Elapsed time:      23m0.0s
Transferring:
 * svmiller.github.io/.gi…394757aef2b71b113b06d7:100% /3.350Ki, 0/s, 0s

2026/06/29 17:24:01 INFO  : 
Transferred:   	    1.982 MiB / 1.982 MiB, 100%, 0 B/s, ETA 0s
Errors:                 5 (retrying may help)
Checks:            226794 / 226794, 100%
Transferred:           56 / 57, 98%
Elapsed time:      24m0.0s
Transferring:
 * svmiller.github.io/.gi…394757aef2b71b113b06d7:100% /3.350Ki, 0/s, 0s

2026/06/29 17:24:44 INFO  : svmiller.github.io/.git/objects/fb/510de289eb1c5f4f394757aef2b71b113b06d7: Copied (new)
2026/06/29 17:24:44 ERROR : pcloud root '': not deleting files as there were IO errors
2026/06/29 17:24:44 ERROR : pcloud root '': not deleting directories as there were IO errors
2026/06/29 17:24:44 ERROR : Attempt 1/3 failed with 6 errors and: not deleting files as there were IO errors
2026/06/29 17:24:48 INFO  : svmiller.github.io/svmiller.github.io.Rproj: Updated modification time in destination
2026/06/29 17:24:50 INFO  : svmiller.github.io/.git/COMMIT_EDITMSG: Copied (replaced existing)
2026/06/29 17:24:51 INFO  : svmiller.github.io/.git/index: Copied (replaced existing)
2026/06/29 17:24:58 INFO  : svmiller.github.io/_posts/2026-06-28-alliances-weighting-foreign-policy-similarity.md: Copied (replaced existing)
2026/06/29 17:24:59 INFO  : svmiller.github.io/_rmd/2026-06-28-alliances-weighting-foreign-policy-similarity.Rmd: Copied (replaced existing)
2026/06/29 17:25:00 INFO  : svmiller.github.io/.git/refs/heads/master: Copied (replaced existing)
2026/06/29 17:25:01 INFO  : 
Transferred:   	    2.185 MiB / 2.185 MiB, 100%, 35.045 KiB/s, ETA 0s
Checks:            241793 / 241793, 100%
Transferred:           62 / 62, 100%
Elapsed time:      25m0.0s

2026/06/29 17:25:03 INFO  : svmiller.github.io/.git/refs/remotes/origin/master: Copied (replaced existing)
2026/06/29 17:25:08 INFO  : svmiller.github.io/_site/article-summaries/index.html: Updated modification time in destination
2026/06/29 17:25:26 INFO  : svmiller.github.io/.Rproj.user/A2B385C5/rmd-outputs: Updated modification time in destination
2026/06/29 17:25:26 INFO  : svmiller.github.io/.Rproj.user/A2B385C5/saved_source_markers: Updated modification time in destination
2026/06/29 17:25:37 INFO  : svmiller.github.io/_site/blog/2016/12/millennials-support-democracy-stop-blaming-the-damn-kids/index.html: Updated modification time in destination
2026/06/29 17:25:42 INFO  : svmiller.github.io/images/alliances-weighting-foreign-policy-similarity/cinc-scores-1816-2016-1.png: Updated modification time in destination
2026/06/29 17:25:59 INFO  : svmiller.github.io/.Rproj.user/A2B385C5/pcs/debug-breakpoints.pper: Updated modification time in destination
2026/06/29 17:25:59 INFO  : svmiller.github.io/.Rproj.user/A2B385C5/pcs/files-pane.pper: Updated modification time in destination
2026/06/29 17:25:59 INFO  : svmiller.github.io/.Rproj.user/A2B385C5/pcs/packages-pane.pper: Updated modification time in destination
2026/06/29 17:25:59 INFO  : svmiller.github.io/.Rproj.user/A2B385C5/pcs/windowlayoutstate.pper: Updated modification time in destination
2026/06/29 17:25:59 INFO  : svmiller.github.io/.Rproj.user/A2B385C5/pcs/workbench-pane.pper: Updated modification time in destination
2026/06/29 17:25:59 INFO  : svmiller.github.io/.Rproj.user/A2B385C5/pcs/source-pane.pper: Copied (replaced existing)
2026/06/29 17:26:01 INFO  : 
Transferred:   	    2.185 MiB / 2.185 MiB, 100%, 41.656 KiB/s, ETA 0s
Checks:            358791 / 358791, 100%
Transferred:           64 / 64, 100%
Elapsed time:      26m0.0s

2026/06/29 17:26:14 INFO  : svmiller.github.io/.Rproj.user/A2B385C5/sources/prop/64644933: Updated modification time in destination
2026/06/29 17:26:14 INFO  : svmiller.github.io/.Rproj.user/A2B385C5/sources/prop/41B0F400: Copied (replaced existing)
2026/06/29 17:26:15 INFO  : svmiller.github.io/.Rproj.user/A2B385C5/sources/prop/3E0AE001: Copied (replaced existing)
2026/06/29 17:26:15 INFO  : svmiller.github.io/.Rproj.user/A2B385C5/sources/per/t/85E8301F-contents: Updated modification time in destination
2026/06/29 17:26:15 INFO  : svmiller.github.io/.Rproj.user/A2B385C5/sources/per/t/85E8301F: Updated modification time in destination
2026/06/29 17:26:15 INFO  : svmiller.github.io/.Rproj.user/A2B385C5/sources/per/t/E4DFD799-contents: Updated modification time in destination
2026/06/29 17:26:15 INFO  : svmiller.github.io/.Rproj.user/A2B385C5/sources/per/t/CED8C802-contents: Copied (replaced existing)
2026/06/29 17:26:15 INFO  : svmiller.github.io/.Rproj.user/A2B385C5/sources/per/t/CED8C802: Copied (replaced existing)
2026/06/29 17:26:15 INFO  : svmiller.github.io/.Rproj.user/A2B385C5/sources/per/t/E4DFD799: Copied (replaced existing)
2026/06/29 17:26:17 INFO  : svmiller.github.io/.Rproj.user/A2B385C5/sources/per/u/40603A3D-contents: Updated modification time in destination
2026/06/29 17:26:17 INFO  : svmiller.github.io/.Rproj.user/A2B385C5/sources/per/u/40603A3D: Updated modification time in destination
2026/06/29 17:26:17 INFO  : svmiller.github.io/.Rproj.user/A2B385C5/sources/per/u/E5C11D72-contents: Updated modification time in destination
2026/06/29 17:26:17 INFO  : svmiller.github.io/.Rproj.user/A2B385C5/sources/per/u/78C8E546: Updated modification time in destination
2026/06/29 17:26:17 INFO  : svmiller.github.io/.Rproj.user/A2B385C5/sources/per/u/78C8E546-contents: Updated modification time in destination
2026/06/29 17:26:17 INFO  : svmiller.github.io/.Rproj.user/A2B385C5/sources/per/u/E5C11D72: Updated modification time in destination
2026/06/29 17:26:23 INFO  : svmiller.github.io/_site/research/individual-level-expectations-of-executive-authority-under-territorial-threat/index.html: Updated modification time in destination
2026/06/29 17:26:26 INFO  : svmiller.github.io/_site/teaching/posc-3610-international-conflict/index.html: Updated modification time in destination
2026/06/29 17:26:29 INFO  : svmiller.github.io/.Rproj.user/shared/notebooks/paths: Updated modification time in destination
2026/06/29 17:26:35 INFO  : svmiller.github.io/_site/teaching/quantitative-public-policy-analysis/index.html: Updated modification time in destination
2026/06/29 17:26:54 INFO  : svmiller.github.io/.Rproj.user/shared/notebooks/E0767DE5-2026-06-28-alliances-weighting-foreign-policy-similarity/1/A2B385C5f04f9181/chunks.json: Copied (new)
2026/06/29 17:26:58 INFO  : svmiller.github.io/.Rproj.user/shared/notebooks/E0767DE5-2026-06-28-alliances-weighting-foreign-policy-similarity/1/s/chunks.json: Copied (replaced existing)
2026/06/29 17:27:01 INFO  : 
Transferred:   	    2.221 MiB / 2.221 MiB, 100%, 61.561 KiB/s, ETA 0s
Checks:            385172 / 385172, 100%
Transferred:           71 / 71, 100%
Elapsed time:      27m0.0s

2026/06/29 17:28:01 INFO  : 
Transferred:   	    2.221 MiB / 2.221 MiB, 100%, 61.561 KiB/s, ETA 0s
Checks:            407935 / 407935, 100%
Transferred:           71 / 71, 100%
Elapsed time:      28m0.0s

2026/06/29 17:28:56 INFO  : svmiller.github.io/.git/objects/9a/be56d1db53ab5c3024370213a7c7e1d6e4b0d2: Copied (new)
2026/06/29 17:29:01 INFO  : 
Transferred:   	    2.221 MiB / 2.224 MiB, 100%, 57.934 KiB/s, ETA 0s
Checks:            430744 / 430744, 100%
Transferred:           72 / 73, 99%
Elapsed time:      29m0.0s
Transferring:
 * svmiller.github.io/.gi…aa406c3b723a64e01dd364:100% /3.348Ki, 0/s, -

2026/06/29 17:29:02 INFO  : svmiller.github.io/.git/objects/a3/1ce2a405ff106bccaa406c3b723a64e01dd364: Copied (new)
2026/06/29 17:29:05 INFO  : svmiller.github.io/.git/objects/a7/24115747b2b9cc21657fc0c1d8db238fa3af35: Copied (new)
2026/06/29 17:29:22 INFO  : svmiller.github.io/.git/objects/ca/965a663b76a92063f4ff4360710a7766907ece: Copied (new)
2026/06/29 17:29:26 INFO  : svmiller.github.io/.git/objects/d3/607eed3da1679ced4560c5876432395ac89ee5: Copied (new)
2026/06/29 17:29:29 INFO  : svmiller.github.io/.git/objects/db/d9c3a6e979825dcc6ab0bdc497972172e6ef80: Copied (new)
2026/06/29 17:29:58 INFO  : svmiller.github.io/.Rproj.user/A2B385C5/sources/session-19d389fc/85E8301F-contents: Deleted
2026/06/29 17:29:58 INFO  : svmiller.github.io/.Rproj.user/A2B385C5/sources/session-19d389fc/E44D133E-contents: Deleted
2026/06/29 17:29:58 INFO  : svmiller.github.io/.Rproj.user/A2B385C5/sources/session-19d389fc/CED8C802-contents: Deleted
2026/06/29 17:29:58 INFO  : svmiller.github.io/.Rproj.user/A2B385C5/sources/session-19d389fc/DA1FC372-contents: Deleted
2026/06/29 17:29:58 INFO  : svmiller.github.io/.Rproj.user/A2B385C5/sources/session-19d389fc/227CA082-contents: Deleted
2026/06/29 17:29:58 INFO  : svmiller.github.io/.Rproj.user/A2B385C5/sources/session-19d389fc/40603A3D-contents: Deleted
2026/06/29 17:29:58 INFO  : svmiller.github.io/.Rproj.user/A2B385C5/sources/session-19d389fc/78C8E546-contents: Deleted
2026/06/29 17:29:58 INFO  : svmiller.github.io/.Rproj.user/A2B385C5/sources/session-19d389fc/82ADC4AD-contents: Deleted
2026/06/29 17:29:58 INFO  : svmiller.github.io/.Rproj.user/A2B385C5/sources/session-19d389fc/E5C11D72-contents: Deleted
2026/06/29 17:29:58 INFO  : svmiller.github.io/.Rproj.user/A2B385C5/sources/session-19d389fc/40603A3D: Deleted
2026/06/29 17:29:58 INFO  : svmiller.github.io/.Rproj.user/A2B385C5/sources/session-19d389fc/85E8301F: Deleted
2026/06/29 17:29:58 INFO  : svmiller.github.io/.Rproj.user/A2B385C5/sources/session-19d389fc/8CD3AA7B-contents: Deleted
2026/06/29 17:29:58 INFO  : svmiller.github.io/.Rproj.user/A2B385C5/sources/session-19d389fc/196BBA25-contents: Deleted
2026/06/29 17:29:58 INFO  : svmiller.github.io/.Rproj.user/A2B385C5/sources/session-19d389fc/78C8E546: Deleted
2026/06/29 17:29:58 INFO  : svmiller.github.io/.Rproj.user/A2B385C5/sources/session-19d389fc/8C4DCB8D-contents: Deleted
2026/06/29 17:29:58 INFO  : svmiller.github.io/.Rproj.user/A2B385C5/sources/session-19d389fc/CED8C802: Deleted
2026/06/29 17:29:58 INFO  : svmiller.github.io/.Rproj.user/A2B385C5/sources/session-19d389fc/E5C11D72: Deleted
2026/06/29 17:29:58 INFO  : svmiller.github.io/.Rproj.user/A2B385C5/sources/session-19d389fc/lock_file: Deleted
2026/06/29 17:29:58 INFO  : svmiller.github.io/.Rproj.user/A2B385C5/sources/session-19d389fc: Removing directory
2026/06/29 17:29:59 ERROR : Attempt 2/3 succeeded
2026/06/29 17:29:59 INFO  : 
Transferred:   	    2.260 MiB / 2.260 MiB, 100%, 52.459 KiB/s, ETA 0s
Checks:            453648 / 453648, 100%
Deleted:               18 (files), 1 (dirs), 123.424 KiB (freed)
Transferred:           77 / 77, 100%
Elapsed time:     29m57.2s

